INFO:root:Execution 2023-05-09 14:42:48.193043
INFO:root:Script running with following configuration: {'mode': 'multi', 'sample_path': 'data/snls_snia.json', 'free': ['Omega_m', 'Omega_l'], 'minimization_seed': [-1, 71], 'grid': {'Omega_l': [0.4, 1.5], 'Omega_m': [-0.5, 0.6]}, 'grid_sizes': [100]}
INFO:root:Maximum Likelihood Estimators: [ 0.70808155  0.29182358 -1.08027404 70.15387593]
INFO:root:Execution 2023-05-09 18:20:46.956728
INFO:root:Script running with following configuration: {'mode': 'multi', 'sample_path': 'data/snls_snia.json', 'free': ['Omega_m', 'Omega_l'], 'minimization_seed': [-1, 71], 'grid': {'Omega_l': [0, 1], 'Omega_m': [0, 1]}, 'grid_sizes': [4]}
INFO:root:Maximum Likelihood Estimators: [ 0.70808155  0.29182358 -1.08027404 70.15387593]
INFO:root:Grid with length 4 calculated in 10.756786108016968 seconds
INFO:root:Saving calculation in the file 4_Omega_l_Omega_m_likelihood_ratio.json
INFO:root:Execution 2023-05-09 18:48:48.879998
INFO:root:Script running with following configuration: {'mode': 'multi', 'sample_path': 'data/snls_snia.json', 'free': ['Omega_m', 'Omega_l'], 'minimization_seed': [-1, 71], 'grid': {'Omega_l': [0, 1], 'Omega_m': [0, 1]}, 'grid_sizes': [100]}
INFO:root:Maximum Likelihood Estimators: [ 0.70808155  0.29182358 -1.08027404 70.15387593]
INFO:root:Grid with length 100 calculated in 3174.032683610916 seconds
INFO:root:Saving calculation in the file 100_Omega_l_Omega_m_likelihood_ratio.json
INFO:root:Execution 2023-05-09 20:01:36.468709
INFO:root:Script running with following configuration: {'mode': 'multi', 'sample_path': 'data/snls_snia.json', 'free': ['Omega_m', 'Omega_l'], 'minimization_seed': [-1, 71], 'grid': {'Omega_l': [0, 1.1], 'Omega_m': [0, 1]}, 'grid_sizes': [100]}
INFO:root:Maximum Likelihood Estimators: [ 0.70808155  0.29182358 -1.08027404 70.15387593]
INFO:root:Grid with length 100 calculated in 3141.2805676460266 seconds
INFO:root:Saving calculation in the file 100_Omega_l_Omega_m_likelihood_ratio.json
INFO:root:Execution 2023-05-09 21:24:00.404556
INFO:root:Script running with following configuration: {'mode': 'multi', 'sample_path': 'data/snls_snia.json', 'free': ['Omega_m'], 'minimization_seed': [0.7, -1, 71], 'grid': {'Omega_m': [0, 1]}, 'grid_sizes': [100]}
INFO:root:Maximum Likelihood Estimators: [ 0.70808155  0.29182358 -1.08027404 70.15387593]
INFO:root:Grid with length 100 calculated in 65.98853373527527 seconds
INFO:root:Saving calculation in the file 100_Omega_m_likelihood_ratio.json
INFO:root:Execution 2023-05-09 21:38:06.981534
INFO:root:Script running with following configuration: {'mode': 'multi', 'sample_path': 'data/snls_snia.json', 'free': ['Omega_l'], 'minimization_seed': [0.3, -1, 71], 'grid': {'Omega_l': [0, 1.1]}, 'grid_sizes': [100]}
INFO:root:Maximum Likelihood Estimators: [ 0.70808155  0.29182358 -1.08027404 70.15387593]
INFO:root:Grid with length 100 calculated in 75.70781350135803 seconds
INFO:root:Saving calculation in the file 100_Omega_l_likelihood_ratio.json
INFO:root:Execution 2023-05-09 22:19:25.290299
INFO:root:Script running with following configuration: {'mode': 'multi', 'sample_path': 'data/snls_snia.json', 'free': ['Hubble'], 'minimization_seed': [0.7, 0.3, -1], 'grid': {'Hubble': [0, 100]}, 'grid_sizes': [100]}
INFO:root:Maximum Likelihood Estimators: [ 0.70808155  0.29182358 -1.08027404 70.15387593]
INFO:root:Grid with length 100 calculated in 476.9891233444214 seconds
INFO:root:Saving calculation in the file 100_Hubble_likelihood_ratio.json
INFO:root:Execution 2023-05-09 22:44:38.221908
INFO:root:Script running with following configuration: {'mode': 'multi', 'sample_path': 'data/snls_snia.json', 'free': ['w'], 'minimization_seed': [0.7, 0.3, 70], 'grid': {'w': [-1.5, -0.5]}, 'grid_sizes': [100]}
INFO:root:Maximum Likelihood Estimators: [ 0.70808155  0.29182358 -1.08027404 70.15387593]
INFO:root:Grid with length 100 calculated in 51.95003819465637 seconds
INFO:root:Saving calculation in the file 100_w_likelihood_ratio.json
INFO:root:Execution 2023-05-09 22:46:15.354280
INFO:root:Script running with following configuration: {'mode': 'multi', 'sample_path': 'data/snls_snia.json', 'free': ['w'], 'minimization_seed': [0.7, 0.3, 70], 'grid': {'w': [-2, 0]}, 'grid_sizes': [100]}
INFO:root:Maximum Likelihood Estimators: [ 0.70808155  0.29182358 -1.08027404 70.15387593]
INFO:root:Grid with length 100 calculated in 62.39916133880615 seconds
INFO:root:Saving calculation in the file 100_w_likelihood_ratio.json
INFO:root:Execution 2023-05-09 22:48:05.194739
INFO:root:Script running with following configuration: {'mode': 'multi', 'sample_path': 'data/snls_snia.json', 'free': ['w'], 'minimization_seed': [0.7, 0.3, 70], 'grid': {'w': [-3, 0]}, 'grid_sizes': [100]}
INFO:root:Maximum Likelihood Estimators: [ 0.70808155  0.29182358 -1.08027404 70.15387593]
INFO:root:Grid with length 100 calculated in 59.238521575927734 seconds
INFO:root:Saving calculation in the file 100_w_likelihood_ratio.json
INFO:root:Execution 2023-05-09 22:51:54.964567
INFO:root:Script running with following configuration: {'mode': 'multi', 'sample_path': 'data/snls_snia.json', 'free': ['w', 'Hubble'], 'minimization_seed': [0.7, 0.3], 'grid': {'w': [-3, 0], 'Hubble': [50, 80]}, 'grid_sizes': [100]}
INFO:root:Maximum Likelihood Estimators: [ 0.70808155  0.29182358 -1.08027404 70.15387593]
INFO:root:Grid with length 100 calculated in 2592.6798644065857 seconds
INFO:root:Saving calculation in the file 100_w_Hubble_likelihood_ratio.json
INFO:root:Execution 2023-05-10 00:56:10.109500
INFO:root:Script running with following configuration: {'mode': 'multi', 'sample_path': 'data/snls_snia.json', 'free': ['w', 'Omega_m'], 'minimization_seed': [0.7, 70], 'grid': {'w': [-3, 0], 'Omega_m': [0, 1]}, 'grid_sizes': [100]}
INFO:root:Maximum Likelihood Estimators: [ 0.70808155  0.29182358 -1.08027404 70.15387593]
INFO:root:Grid with length 100 calculated in 2946.3815112113953 seconds
INFO:root:Saving calculation in the file 100_Omega_m_w_likelihood_ratio.json
INFO:root:Execution 2023-05-10 14:12:40.426313
INFO:root:Script running with following configuration: {'mode': 'multi', 'sample_path': 'data/snls_snia.json', 'free': ['w', 'Omega_l'], 'minimization_seed': [0.3, 70], 'grid': {'w': [-3, 0], 'Omega_l': [0, 1]}, 'grid_sizes': [100]}
INFO:root:Maximum Likelihood Estimators: [ 0.70808155  0.29182358 -1.08027404 70.15387593]
INFO:root:Grid with length 100 calculated in 3119.206597805023 seconds
INFO:root:Saving calculation in the file 100_Omega_l_w_likelihood_ratio.json
INFO:root:Execution 2023-05-10 15:10:29.749062
INFO:root:Script running with following configuration: {'mode': 'multi', 'sample_path': 'data/snls_snia.json', 'free': ['Omega_l', 'Hubble'], 'minimization_seed': [0.3, -1], 'grid': {'Omega_l': [0, 1], 'Hubble': [50, 80]}, 'grid_sizes': [100]}
INFO:root:Maximum Likelihood Estimators: [ 0.70808155  0.29182358 -1.08027404 70.15387593]
INFO:root:Grid with length 100 calculated in 5384.275737047195 seconds
INFO:root:Saving calculation in the file 100_Omega_l_Hubble_likelihood_ratio.json
INFO:root:Execution 2023-05-10 16:41:44.531639
INFO:root:Script running with following configuration: {'mode': 'multi', 'sample_path': 'data/snls_snia.json', 'free': ['Omega_l', 'Hubble'], 'minimization_seed': [0.3, -1], 'grid': {'Omega_l': [0.4, 1.4], 'Hubble': [50, 80]}, 'grid_sizes': [100]}
INFO:root:Maximum Likelihood Estimators: [ 0.70808155  0.29182358 -1.08027404 70.15387593]
INFO:root:Grid with length 100 calculated in 3536.0780415534973 seconds
INFO:root:Saving calculation in the file 100_Omega_l_Hubble_likelihood_ratio.json
INFO:root:Execution 2023-05-10 18:04:23.179959
INFO:root:Script running with following configuration: {'mode': 'multi', 'sample_path': 'data/snls_snia.json', 'free': ['Omega_m', 'Hubble'], 'minimization_seed': [0.7, -1], 'grid': {'Omega_m': [0, 0.7], 'Hubble': [50, 80]}, 'grid_sizes': [100]}
INFO:root:Maximum Likelihood Estimators: [ 0.70808155  0.29182358 -1.08027404 70.15387593]
INFO:root:Grid with length 100 calculated in 2831.3472077846527 seconds
INFO:root:Saving calculation in the file 100_Omega_m_Hubble_likelihood_ratio.json
INFO:root:Execution 2023-05-10 21:54:49.311843
INFO:root:Script running with following configuration: {'mode': 'multi', 'sample_path': 'data/snls_snia.json', 'free': ['Hubble'], 'minimization_seed': [0.7, 0.3, -1], 'grid': {'Hubble': [65, 100]}, 'grid_sizes': [100]}
INFO:root:Maximum Likelihood Estimators: [ 0.70808155  0.29182358 -1.08027404 70.15387593]
INFO:root:Grid with length 100 calculated in 179.98332476615906 seconds
INFO:root:Saving calculation in the file 100_Hubble_likelihood_ratio.json
INFO:root:Execution 2023-05-12 17:51:01.759458
INFO:root:Script running with following configuration: {'mode': 'multi', 'sample_path': 'data/snls_snia.json', 'free': ['Hubble'], 'minimization_seed': [0.7, 0.3, -1], 'grid': {'Hubble': [0, 100]}, 'grid_sizes': [500]}
INFO:root:Maximum Likelihood Estimators: [ 0.70808155  0.29182358 -1.08027404 70.15387593]
INFO:root:Execution 2023-05-12 18:34:25.354873
INFO:root:Script running with following configuration: {'mode': 'multi', 'sample_path': 'data/snls_snia.json', 'free': ['Hubble'], 'minimization_seed': [0.7, 0.3, -1], 'grid': {'Hubble': [0, 100]}, 'grid_sizes': [500]}
INFO:root:Maximum Likelihood Estimators: [ 0.70808155  0.29182358 -1.08027404 70.15387593]
INFO:root:Execution 2023-05-12 18:39:36.787002
INFO:root:Script running with following configuration: {'mode': 'multi', 'sample_path': 'data/snls_snia.json', 'free': ['Hubble'], 'minimization_seed': [0.7, 0.3, -1], 'grid': {'Hubble': [0, 100]}, 'grid_sizes': [200]}
INFO:root:Maximum Likelihood Estimators: [ 0.70808155  0.29182358 -1.08027404 70.15387593]
INFO:root:Grid with length 200 calculated in 751.3553931713104 seconds
INFO:root:Saving calculation in the file 200_Hubble_likelihood_ratio.json
